0 silly input []
1 silly flags { _: [ 'bootstrap' ],
1 silly flags   'reject-cycles': false,
1 silly flags   rejectCycles: false,
1 silly flags   args: [] }
2 verbose rootPath /Users/sullof/Projects/Tron/tronbox
3 info version 2.11.0
4 silly existsSync /Users/sullof/Projects/Tron/tronbox/VERSION
5 info versioning independent
6 silly initialize attempt
7 silly npmConfig { registry: undefined,
7 silly npmConfig   npmClient: 'yarn',
7 silly npmConfig   npmClientArgs: [ '--ignore-engines' ],
7 silly npmConfig   mutex: 'network:42424' }
8 silly initialize success
9 silly execute attempt
10 info Bootstrapping 18 packages
11 silly installInDirOriginalPackageJson /Users/sullof/Projects/Tron/tronbox
12 silly getExecOpts { cwd: '/Users/sullof/Projects/Tron/tronbox' }
13 silly installInDir [ 'yarn',
13 silly installInDir   [ 'install',
13 silly installInDir     '--mutex',
13 silly installInDir     'network:42424',
13 silly installInDir     '--non-interactive',
13 silly installInDir     '--ignore-engines' ] ]
14 error execute callback with error
15 error Error: Command failed: yarn install --mutex network:42424 --non-interactive --ignore-engines
15 error warning package-lock.json found. Your project contains lock files generated by tools other than Yarn. It is advised not to mix package managers in order to avoid resolution inconsistencies caused by unsynchronized lock files. To clear this warning, remove package-lock.json.
15 error warning ipfsd-ctl > hapi@16.7.0: This version has been deprecated in accordance with the hapi support policy (hapi.im/support). Please upgrade to the latest version to get the best features, bug fixes, and security patches. If you are unable to upgrade at this time, paid support is available for older versions (hapi.im/commercial).
15 error warning ipfsd-ctl > boom@7.3.0: This module has moved and is now available at @hapi/boom. Please update your dependencies as this version is no longer maintained an may contain bugs and security issues.
15 error warning ipfsd-ctl > hapi > boom@5.2.0: This version has been deprecated in accordance with the hapi support policy (hapi.im/support). Please upgrade to the latest version to get the best features, bug fixes, and security patches. If you are unable to upgrade at this time, paid support is available for older versions (hapi.im/commercial).
15 error warning ipfsd-ctl > joi@14.3.1: This module has moved and is now available at @hapi/joi. Please update your dependencies as this version is no longer maintained an may contain bugs and security issues.
15 error warning ipfsd-ctl > hapi > joi@11.4.0: This version has been deprecated in accordance with the hapi support policy (hapi.im/support). Please upgrade to the latest version to get the best features, bug fixes, and security patches. If you are unable to upgrade at this time, paid support is available for older versions (hapi.im/commercial).
15 error warning ipfsd-ctl > hapi > accept@2.1.4: This version has been deprecated in accordance with the hapi support policy (hapi.im/support). Please upgrade to the latest version to get the best features, bug fixes, and security patches. If you are unable to upgrade at this time, paid support is available for older versions (hapi.im/commercial).
15 error warning ipfsd-ctl > hapi > accept > boom@5.2.0: This version has been deprecated in accordance with the hapi support policy (hapi.im/support). Please upgrade to the latest version to get the best features, bug fixes, and security patches. If you are unable to upgrade at this time, paid support is available for older versions (hapi.im/commercial).
15 error warning ipfsd-ctl > hapi > ammo@2.0.4: This version has been deprecated in accordance with the hapi support policy (hapi.im/support). Please upgrade to the latest version to get the best features, bug fixes, and security patches. If you are unable to upgrade at this time, paid support is available for older versions (hapi.im/commercial).
15 error warning ipfsd-ctl > hapi > ammo > boom@5.2.0: This version has been deprecated in accordance with the hapi support policy (hapi.im/support). Please upgrade to the latest version to get the best features, bug fixes, and security patches. If you are unable to upgrade at this time, paid support is available for older versions (hapi.im/commercial).
15 error warning ipfsd-ctl > hapi > call@4.0.2: This version has been deprecated in accordance with the hapi support policy (hapi.im/support). Please upgrade to the latest version to get the best features, bug fixes, and security patches. If you are unable to upgrade at this time, paid support is available for older versions (hapi.im/commercial).
15 error warning ipfsd-ctl > hapi > call > boom@5.2.0: This version has been deprecated in accordance with the hapi support policy (hapi.im/support). Please upgrade to the latest version to get the best features, bug fixes, and security patches. If you are unable to upgrade at this time, paid support is available for older versions (hapi.im/commercial).
15 error warning ipfsd-ctl > hapi > cryptiles@3.1.4: This version has been deprecated in accordance with the hapi support policy (hapi.im/support). Please upgrade to the latest version to get the best features, bug fixes, and security patches. If you are unable to upgrade at this time, paid support is available for older versions (hapi.im/commercial).
15 error warning ipfsd-ctl > hapi > cryptiles > boom@5.2.0: This version has been deprecated in accordance with the hapi support policy (hapi.im/support). Please upgrade to the latest version to get the best features, bug fixes, and security patches. If you are unable to upgrade at this time, paid support is available for older versions (hapi.im/commercial).
15 error warning ipfsd-ctl > hapi > catbox-memory@2.0.4: This version has been deprecated in accordance with the hapi support policy (hapi.im/support). Please upgrade to the latest version to get the best features, bug fixes, and security patches. If you are unable to upgrade at this time, paid support is available for older versions (hapi.im/commercial).
15 error warning ipfsd-ctl > hapi > hoek@4.2.1: This version has been deprecated in accordance with the hapi support policy (hapi.im/support). Please upgrade to the latest version to get the best features, bug fixes, and security patches. If you are unable to upgrade at this time, paid support is available for older versions (hapi.im/commercial).
15 error warning ipfsd-ctl > boom > hoek@6.1.3: This module has moved and is now available at @hapi/hoek. Please update your dependencies as this version is no longer maintained an may contain bugs and security issues.
15 error warning ipfsd-ctl > hapi > boom > hoek@4.2.1: This version has been deprecated in accordance with the hapi support policy (hapi.im/support). Please upgrade to the latest version to get the best features, bug fixes, and security patches. If you are unable to upgrade at this time, paid support is available for older versions (hapi.im/commercial).
15 error warning ipfsd-ctl > joi > hoek@6.1.3: This module has moved and is now available at @hapi/hoek. Please update your dependencies as this version is no longer maintained an may contain bugs and security issues.
15 error warning ipfsd-ctl > hapi > joi > hoek@4.2.1: This version has been deprecated in accordance with the hapi support policy (hapi.im/support). Please upgrade to the latest version to get the best features, bug fixes, and security patches. If you are unable to upgrade at this time, paid support is available for older versions (hapi.im/commercial).
15 error warning ipfsd-ctl > hapi > accept > hoek@4.2.1: This version has been deprecated in accordance with the hapi support policy (hapi.im/support). Please upgrade to the latest version to get the best features, bug fixes, and security patches. If you are unable to upgrade at this time, paid support is available for older versions (hapi.im/commercial).
15 error warning ipfsd-ctl > hapi > ammo > hoek@4.2.1: This version has been deprecated in accordance with the hapi support policy (hapi.im/support). Please upgrade to the latest version to get the best features, bug fixes, and security patches. If you are unable to upgrade at this time, paid support is available for older versions (hapi.im/commercial).
15 error warning ipfsd-ctl > hapi > call > hoek@4.2.1: This version has been deprecated in accordance with the hapi support policy (hapi.im/support). Please upgrade to the latest version to get the best features, bug fixes, and security patches. If you are unable to upgrade at this time, paid support is available for older versions (hapi.im/commercial).
15 error warning ipfsd-ctl > hapi > catbox-memory > hoek@4.2.1: This version has been deprecated in accordance with the hapi support policy (hapi.im/support). Please upgrade to the latest version to get the best features, bug fixes, and security patches. If you are unable to upgrade at this time, paid support is available for older versions (hapi.im/commercial).
15 error warning ipfsd-ctl > hapi > items@2.1.2: This module has been deprecated in accordance with the hapi support policy (hapi.im/support). Please upgrade to the latest version of hapi to get the best features, bug fixes, and security patches. If you are unable to upgrade at this time, paid support is available for older versions (hapi.im/commercial).
15 error warning ipfsd-ctl > hapi > heavy@4.0.4: This version has been deprecated in accordance with the hapi support policy (hapi.im/support). Please upgrade to the latest version to get the best features, bug fixes, and security patches. If you are unable to upgrade at this time, paid support is available for older versions (hapi.im/commercial).
15 error warning ipfsd-ctl > hapi > heavy > boom@5.2.0: This version has been deprecated in accordance with the hapi support policy (hapi.im/support). Please upgrade to the latest version to get the best features, bug fixes, and security patches. If you are unable to upgrade at this time, paid support is available for older versions (hapi.im/commercial).
15 error warning ipfsd-ctl > hapi > heavy > hoek@4.2.1: This version has been deprecated in accordance with the hapi support policy (hapi.im/support). Please upgrade to the latest version to get the best features, bug fixes, and security patches. If you are unable to upgrade at this time, paid support is available for older versions (hapi.im/commercial).
15 error warning ipfsd-ctl > hapi > heavy > joi@10.6.0: This version has been deprecated in accordance with the hapi support policy (hapi.im/support). Please upgrade to the latest version to get the best features, bug fixes, and security patches. If you are unable to upgrade at this time, paid support is available for older versions (hapi.im/commercial).
15 error warning ipfsd-ctl > hapi > heavy > joi > hoek@4.2.1: This version has been deprecated in accordance with the hapi support policy (hapi.im/support). Please upgrade to the latest version to get the best features, bug fixes, and security patches. If you are unable to upgrade at this time, paid support is available for older versions (hapi.im/commercial).
15 error warning ipfsd-ctl > hapi > heavy > joi > items@2.1.2: This module has been deprecated in accordance with the hapi support policy (hapi.im/support). Please upgrade to the latest version of hapi to get the best features, bug fixes, and security patches. If you are unable to upgrade at this time, paid support is available for older versions (hapi.im/commercial).
15 error warning ipfsd-ctl > hapi > mimos@3.0.3: This version has been deprecated in accordance with the hapi support policy (hapi.im/support). Please upgrade to the latest version to get the best features, bug fixes, and security patches. If you are unable to upgrade at this time, paid support is available for older versions (hapi.im/commercial).
15 error warning ipfsd-ctl > hapi > mimos > hoek@4.2.1: This version has been deprecated in accordance with the hapi support policy (hapi.im/support). Please upgrade to the latest version to get the best features, bug fixes, and security patches. If you are unable to upgrade at this time, paid support is available for older versions (hapi.im/commercial).
15 error warning ipfsd-ctl > hapi > podium@1.3.0: This version has been deprecated in accordance with the hapi support policy (hapi.im/support). Please upgrade to the latest version to get the best features, bug fixes, and security patches. If you are unable to upgrade at this time, paid support is available for older versions (hapi.im/commercial).
15 error warning ipfsd-ctl > hapi > podium > hoek@4.2.1: This version has been deprecated in accordance with the hapi support policy (hapi.im/support). Please upgrade to the latest version to get the best features, bug fixes, and security patches. If you are unable to upgrade at this time, paid support is available for older versions (hapi.im/commercial).
15 error warning ipfsd-ctl > hapi > podium > items@2.1.2: This module has been deprecated in accordance with the hapi support policy (hapi.im/support). Please upgrade to the latest version of hapi to get the best features, bug fixes, and security patches. If you are unable to upgrade at this time, paid support is available for older versions (hapi.im/commercial).
15 error warning ipfsd-ctl > hapi > podium > joi@10.6.0: This version has been deprecated in accordance with the hapi support policy (hapi.im/support). Please upgrade to the latest version to get the best features, bug fixes, and security patches. If you are unable to upgrade at this time, paid support is available for older versions (hapi.im/commercial).
15 error warning ipfsd-ctl > hapi > shot@3.4.2: This version has been deprecated in accordance with the hapi support policy (hapi.im/support). Please upgrade to the latest version to get the best features, bug fixes, and security patches. If you are unable to upgrade at this time, paid support is available for older versions (hapi.im/commercial).
15 error warning ipfsd-ctl > hapi > shot > hoek@4.2.1: This version has been deprecated in accordance with the hapi support policy (hapi.im/support). Please upgrade to the latest version to get the best features, bug fixes, and security patches. If you are unable to upgrade at this time, paid support is available for older versions (hapi.im/commercial).
15 error warning ipfsd-ctl > hapi > shot > joi@10.6.0: This version has been deprecated in accordance with the hapi support policy (hapi.im/support). Please upgrade to the latest version to get the best features, bug fixes, and security patches. If you are unable to upgrade at this time, paid support is available for older versions (hapi.im/commercial).
15 error warning ipfsd-ctl > hapi > catbox@7.1.5: This version has been deprecated in accordance with the hapi support policy (hapi.im/support). Please upgrade to the latest version to get the best features, bug fixes, and security patches. If you are unable to upgrade at this time, paid support is available for older versions (hapi.im/commercial).
15 error warning ipfsd-ctl > hapi > catbox > boom@5.2.0: This version has been deprecated in accordance with the hapi support policy (hapi.im/support). Please upgrade to the latest version to get the best features, bug fixes, and security patches. If you are unable to upgrade at this time, paid support is available for older versions (hapi.im/commercial).
15 error warning ipfsd-ctl > hapi > catbox > hoek@4.2.1: This version has been deprecated in accordance with the hapi support policy (hapi.im/support). Please upgrade to the latest version to get the best features, bug fixes, and security patches. If you are unable to upgrade at this time, paid support is available for older versions (hapi.im/commercial).
15 error warning ipfsd-ctl > hapi > catbox > joi@10.6.0: This version has been deprecated in accordance with the hapi support policy (hapi.im/support). Please upgrade to the latest version to get the best features, bug fixes, and security patches. If you are unable to upgrade at this time, paid support is available for older versions (hapi.im/commercial).
15 error warning ipfsd-ctl > hapi > iron@4.0.5: This version has been deprecated in accordance with the hapi support policy (hapi.im/support). Please upgrade to the latest version to get the best features, bug fixes, and security patches. If you are unable to upgrade at this time, paid support is available for older versions (hapi.im/commercial).
15 error warning ipfsd-ctl > hapi > iron > hoek@4.2.1: This version has been deprecated in accordance with the hapi support policy (hapi.im/support). Please upgrade to the latest version to get the best features, bug fixes, and security patches. If you are unable to upgrade at this time, paid support is available for older versions (hapi.im/commercial).
15 error warning ipfsd-ctl > hapi > iron > boom@5.2.0: This version has been deprecated in accordance with the hapi support policy (hapi.im/support). Please upgrade to the latest version to get the best features, bug fixes, and security patches. If you are unable to upgrade at this time, paid support is available for older versions (hapi.im/commercial).
15 error warning ipfsd-ctl > hapi > iron > cryptiles@3.1.4: This version has been deprecated in accordance with the hapi support policy (hapi.im/support). Please upgrade to the latest version to get the best features, bug fixes, and security patches. If you are unable to upgrade at this time, paid support is available for older versions (hapi.im/commercial).
15 error warning ipfsd-ctl > hapi > somever@1.0.1: This version has been deprecated in accordance with the hapi support policy (hapi.im/support). Please upgrade to the latest version to get the best features, bug fixes, and security patches. If you are unable to upgrade at this time, paid support is available for older versions (hapi.im/commercial).
15 error warning ipfsd-ctl > hapi > somever > hoek@4.2.1: This version has been deprecated in accordance with the hapi support policy (hapi.im/support). Please upgrade to the latest version to get the best features, bug fixes, and security patches. If you are unable to upgrade at this time, paid support is available for older versions (hapi.im/commercial).
15 error warning ipfsd-ctl > hapi > statehood@5.0.4: This version has been deprecated in accordance with the hapi support policy (hapi.im/support). Please upgrade to the latest version to get the best features, bug fixes, and security patches. If you are unable to upgrade at this time, paid support is available for older versions (hapi.im/commercial).
15 error warning ipfsd-ctl > hapi > statehood > boom@5.2.0: This version has been deprecated in accordance with the hapi support policy (hapi.im/support). Please upgrade to the latest version to get the best features, bug fixes, and security patches. If you are unable to upgrade at this time, paid support is available for older versions (hapi.im/commercial).
15 error warning ipfsd-ctl > hapi > statehood > cryptiles@3.1.4: This version has been deprecated in accordance with the hapi support policy (hapi.im/support). Please upgrade to the latest version to get the best features, bug fixes, and security patches. If you are unable to upgrade at this time, paid support is available for older versions (hapi.im/commercial).
15 error warning ipfsd-ctl > hapi > statehood > hoek@4.2.1: This version has been deprecated in accordance with the hapi support policy (hapi.im/support). Please upgrade to the latest version to get the best features, bug fixes, and security patches. If you are unable to upgrade at this time, paid support is available for older versions (hapi.im/commercial).
15 error warning ipfsd-ctl > hapi > statehood > iron@4.0.5: This version has been deprecated in accordance with the hapi support policy (hapi.im/support). Please upgrade to the latest version to get the best features, bug fixes, and security patches. If you are unable to upgrade at this time, paid support is available for older versions (hapi.im/commercial).
15 error warning ipfsd-ctl > hapi > statehood > items@2.1.2: This module has been deprecated in accordance with the hapi support policy (hapi.im/support). Please upgrade to the latest version of hapi to get the best features, bug fixes, and security patches. If you are unable to upgrade at this time, paid support is available for older versions (hapi.im/commercial).
15 error warning ipfsd-ctl > hapi > statehood > joi@12.0.0: This version has been deprecated in accordance with the hapi support policy (hapi.im/support). Please upgrade to the latest version to get the best features, bug fixes, and security patches. If you are unable to upgrade at this time, paid support is available for older versions (hapi.im/commercial).
15 error warning ipfsd-ctl > hapi > statehood > joi > hoek@4.2.1: This version has been deprecated in accordance with the hapi support policy (hapi.im/support). Please upgrade to the latest version to get the best features, bug fixes, and security patches. If you are unable to upgrade at this time, paid support is available for older versions (hapi.im/commercial).
15 error warning ipfsd-ctl > hapi > topo@2.0.2: This version has been deprecated in accordance with the hapi support policy (hapi.im/support). Please upgrade to the latest version to get the best features, bug fixes, and security patches. If you are unable to upgrade at this time, paid support is available for older versions (hapi.im/commercial).
15 error warning ipfsd-ctl > joi > topo@3.0.3: This module has moved and is now available at @hapi/topo. Please update your dependencies as this version is no longer maintained an may contain bugs and security issues.
15 error warning ipfsd-ctl > hapi > joi > topo@2.0.2: This version has been deprecated in accordance with the hapi support policy (hapi.im/support). Please upgrade to the latest version to get the best features, bug fixes, and security patches. If you are unable to upgrade at this time, paid support is available for older versions (hapi.im/commercial).
15 error warning ipfsd-ctl > hapi > heavy > joi > topo@2.0.2: This version has been deprecated in accordance with the hapi support policy (hapi.im/support). Please upgrade to the latest version to get the best features, bug fixes, and security patches. If you are unable to upgrade at this time, paid support is available for older versions (hapi.im/commercial).
15 error warning ipfsd-ctl > hapi > statehood > joi > topo@2.0.2: This version has been deprecated in accordance with the hapi support policy (hapi.im/support). Please upgrade to the latest version to get the best features, bug fixes, and security patches. If you are unable to upgrade at this time, paid support is available for older versions (hapi.im/commercial).
15 error warning ipfsd-ctl > hapi > topo > hoek@4.2.1: This version has been deprecated in accordance with the hapi support policy (hapi.im/support). Please upgrade to the latest version to get the best features, bug fixes, and security patches. If you are unable to upgrade at this time, paid support is available for older versions (hapi.im/commercial).
15 error warning ipfsd-ctl > joi > topo > hoek@6.1.3: This module has moved and is now available at @hapi/hoek. Please update your dependencies as this version is no longer maintained an may contain bugs and security issues.
15 error warning ipfsd-ctl > hapi > subtext@5.0.1: This version has been deprecated in accordance with the hapi support policy (hapi.im/support). Please upgrade to the latest version to get the best features, bug fixes, and security patches. If you are unable to upgrade at this time, paid support is available for older versions (hapi.im/commercial).
15 error warning ipfsd-ctl > hapi > subtext > boom@5.2.0: This version has been deprecated in accordance with the hapi support policy (hapi.im/support). Please upgrade to the latest version to get the best features, bug fixes, and security patches. If you are unable to upgrade at this time, paid support is available for older versions (hapi.im/commercial).
15 error warning ipfsd-ctl > hapi > subtext > hoek@4.2.1: This version has been deprecated in accordance with the hapi support policy (hapi.im/support). Please upgrade to the latest version to get the best features, bug fixes, and security patches. If you are unable to upgrade at this time, paid support is available for older versions (hapi.im/commercial).
15 error warning ipfsd-ctl > hapi > subtext > pez@2.1.5: This version has been deprecated in accordance with the hapi support policy (hapi.im/support). Please upgrade to the latest version to get the best features, bug fixes, and security patches. If you are unable to upgrade at this time, paid support is available for older versions (hapi.im/commercial).
15 error warning ipfsd-ctl > hapi > subtext > pez > boom@5.2.0: This version has been deprecated in accordance with the hapi support policy (hapi.im/support). Please upgrade to the latest version to get the best features, bug fixes, and security patches. If you are unable to upgrade at this time, paid support is available for older versions (hapi.im/commercial).
15 error warning ipfsd-ctl > hapi > subtext > pez > hoek@4.2.1: This version has been deprecated in accordance with the hapi support policy (hapi.im/support). Please upgrade to the latest version to get the best features, bug fixes, and security patches. If you are unable to upgrade at this time, paid support is available for older versions (hapi.im/commercial).
15 error warning ipfsd-ctl > hapi > subtext > content@3.0.7: This version has been deprecated in accordance with the hapi support policy (hapi.im/support). Please upgrade to the latest version to get the best features, bug fixes, and security patches. If you are unable to upgrade at this time, paid support is available for older versions (hapi.im/commercial).
15 error warning ipfsd-ctl > hapi > subtext > pez > content@3.0.7: This version has been deprecated in accordance with the hapi support policy (hapi.im/support). Please upgrade to the latest version to get the best features, bug fixes, and security patches. If you are unable to upgrade at this time, paid support is available for older versions (hapi.im/commercial).
15 error warning ipfsd-ctl > hapi > subtext > content > boom@5.2.0: This version has been deprecated in accordance with the hapi support policy (hapi.im/support). Please upgrade to the latest version to get the best features, bug fixes, and security patches. If you are unable to upgrade at this time, paid support is available for older versions (hapi.im/commercial).
15 error warning ipfsd-ctl > hapi > statehood > bourne@1.1.2: This module has moved and is now available at @hapi/bourne. Please update your dependencies as this version is no longer maintained an may contain bugs and security issues.
15 error warning ipfsd-ctl > hapi > subtext > bourne@1.1.2: This module has moved and is now available at @hapi/bourne. Please update your dependencies as this version is no longer maintained an may contain bugs and security issues.
15 error warning ipfsd-ctl > hapi > subtext > wreck@12.5.1: This version has been deprecated in accordance with the hapi support policy (hapi.im/support). Please upgrade to the latest version to get the best features, bug fixes, and security patches. If you are unable to upgrade at this time, paid support is available for older versions (hapi.im/commercial).
15 error warning ipfsd-ctl > hapi > subtext > wreck > boom@5.2.0: This version has been deprecated in accordance with the hapi support policy (hapi.im/support). Please upgrade to the latest version to get the best features, bug fixes, and security patches. If you are unable to upgrade at this time, paid support is available for older versions (hapi.im/commercial).
15 error warning ipfsd-ctl > hapi > subtext > wreck > hoek@4.2.1: This version has been deprecated in accordance with the hapi support policy (hapi.im/support). Please upgrade to the latest version to get the best features, bug fixes, and security patches. If you are unable to upgrade at this time, paid support is available for older versions (hapi.im/commercial).
15 error warning ipfsd-ctl > hapi > subtext > pez > b64@3.0.3: This version has been deprecated in accordance with the hapi support policy (hapi.im/support). Please upgrade to the latest version to get the best features, bug fixes, and security patches. If you are unable to upgrade at this time, paid support is available for older versions (hapi.im/commercial).
15 error warning ipfsd-ctl > hapi > subtext > pez > nigel@2.0.2: This version has been deprecated in accordance with the hapi support policy (hapi.im/support). Please upgrade to the latest version to get the best features, bug fixes, and security patches. If you are unable to upgrade at this time, paid support is available for older versions (hapi.im/commercial).
15 error warning ipfsd-ctl > hapi > subtext > pez > nigel > hoek@4.2.1: This version has been deprecated in accordance with the hapi support policy (hapi.im/support). Please upgrade to the latest version to get the best features, bug fixes, and security patches. If you are unable to upgrade at this time, paid support is available for older versions (hapi.im/commercial).
15 error warning ipfsd-ctl > hapi > subtext > pez > nigel > vise@2.0.2: This version has been deprecated in accordance with the hapi support policy (hapi.im/support). Please upgrade to the latest version to get the best features, bug fixes, and security patches. If you are unable to upgrade at this time, paid support is available for older versions (hapi.im/commercial).
15 error warning ipfsd-ctl > hapi > subtext > pez > nigel > vise > hoek@4.2.1: This version has been deprecated in accordance with the hapi support policy (hapi.im/support). Please upgrade to the latest version to get the best features, bug fixes, and security patches. If you are unable to upgrade at this time, paid support is available for older versions (hapi.im/commercial).
15 error warning workspace-aggregator-17cfe8f0-aac3-4ca0-949d-4e90064b0459 > truffle-core > natives@1.1.6: This module relies on Node.js's internals and will break at some point. Do not use it, and update to graceful-fs@4.x.
15 error warning "workspace-aggregator-17cfe8f0-aac3-4ca0-949d-4e90064b0459 > tronbox > ganache-cli > webpack-cli@2.1.5" has incorrect peer dependency "webpack@^4.0.0".
15 error error /Users/sullof/Projects/Tron/tronbox/node_modules/go-ipfs-dep: Command failed.
15 error Exit code: 1
15 error Command: node src/bin.js
15 error Arguments:
15 error Directory: /Users/sullof/Projects/Tron/tronbox/node_modules/go-ipfs-dep
15 error Output:
15 error internal/util/inspect.js:31
15 error const types = internalBinding('types');
15 error               ^
15 error
15 error ReferenceError: internalBinding is not defined
15 error     at internal/util/inspect.js:31:15
15 error     at req_ (/Users/sullof/Projects/Tron/tronbox/node_modules/unzip/node_modules/natives/index.js:137:5)
15 error     at require (/Users/sullof/Projects/Tron/tronbox/node_modules/unzip/node_modules/natives/index.js:110:12)
15 error     at util.js:25:21
15 error     at req_ (/Users/sullof/Projects/Tron/tronbox/node_modules/unzip/node_modules/natives/index.js:137:5)
15 error     at require (/Users/sullof/Projects/Tron/tronbox/node_modules/unzip/node_modules/natives/index.js:110:12)
15 error     at fs.js:42:21
15 error     at req_ (/Users/sullof/Projects/Tron/tronbox/node_modules/unzip/node_modules/natives/index.js:137:5)
15 error     at Object.req [as require] (/Users/sullof/Projects/Tron/tronbox/node_modules/unzip/node_modules/natives/index.js:54:10)
15 error     at Object.<anonymous> (/Users/sullof/Projects/Tron/tronbox/node_modules/unzip/node_modules/graceful-fs/fs.js:1:99)
15 error Process stalled
15 error Active handles:
15 error   - Socket
15 error   - Socket
15 error   - Socket
15 error   - Socket
15 error   - Socket
15 error   - ChildProcess
15 error   - Socket
15 error   - Socket
15 error   - ChildProcess
15 error [1/4] Resolving packages...
15 error [2/4] Fetching packages...
15 error [3/4] Linking dependencies...
15 error [4/4] Building fresh packages...
15 error info Visit https://yarnpkg.com/en/docs/cli/install for documentation about this command.
15 error
15 error     at Promise.all.then.arr (/Users/sullof/Projects/Tron/tronbox/node_modules/execa/index.js:236:11)
